Время начала: 2023-07-17 22:34:29.251753
Название функции - hello_world
Аргументы: (), {}
Функция возвращает: Hello World

-----------------------------
Время начала: 2023-07-17 22:34:29.251753
Название функции - summator
Аргументы: (2, 2), {}
Функция возвращает: 4

-----------------------------
Время начала: 2023-07-17 22:34:29.251753
Название функции - div
Аргументы: (6, 2), {}
Функция возвращает: 3.0

-----------------------------
Время начала: 2023-07-17 22:34:29.251753
Название функции - summator
Аргументы: (4.3,), {'b': 2.2}
Функция возвращает: 6.5

-----------------------------
Время начала: 2023-07-17 22:34:29.255964
Название функции - summator
Аргументы: (), {'a': 0, 'b': 0}
Функция возвращает: 0

-----------------------------
Время начала: 2023-07-17 22:34:29.255964
Название функции - hello_world
Аргументы: (), {}
Функция возвращает: Hello World

-----------------------------
Время начала: 2023-07-17 22:34:29.255964
Название функции - summator
Аргументы: (4.3,), {'b': 2.2}
Функция возвращает: 6.5

-----------------------------
Время начала: 2023-07-17 22:34:29.255964
Название функции - div
Аргументы: (9, 3), {}
Функция возвращает: 3.0

-----------------------------
