Время начала: 2023-07-17 22:32:36.565910
Название функции - hello_world
Аргументы: (), {}
Функция возвращает: Hello World
-----------------------------
Время начала: 2023-07-17 22:32:36.566934
Название функции - summator
Аргументы: (2, 2), {}
Функция возвращает: 4
-----------------------------
Время начала: 2023-07-17 22:32:36.566934
Название функции - div
Аргументы: (6, 2), {}
Функция возвращает: 3.0
-----------------------------
Время начала: 2023-07-17 22:32:36.566934
Название функции - summator
Аргументы: (4.3,), {'b': 2.2}
Функция возвращает: 6.5
-----------------------------
